================================================================
======== txAdmin v8.0.1 atop fxserver 28518 Starting - 21/04/2026, 12:58:02
================================================================
[13:26:18] txAdmin: Logger started
[13:32:18] txAdmin: Logger started
[13:34:02] [wwkBe#1] pifooX &: joined with identifiers [license:5f69…b9dc, xbl:2535…5633, live:9851…6746, discord:5249…8810, license2:56dd…692d]
[13:41:09] [wwkBe#1] pifooX &: said "/nc"
[13:41:29] [wwkBe#1] pifooX &: said "/option"
[13:41:30] [wwkBe#1] pifooX &: said "/adimin"
[13:41:42] [wwkBe#1] pifooX &: said "/option"
[13:44:14] [wwkBe#1] pifooX &: said "/fps on"
[13:45:22] [wwkBe#1] pifooX &: said "/fps on"
[13:45:23] [wwkBe#1] pifooX &: said "/fps on"
[13:45:23] [wwkBe#1] pifooX &: said "/fps on"
[13:45:24] [wwkBe#1] pifooX &: said "/fps on"
[13:45:25] [wwkBe#1] pifooX &: said "/fps on"
[13:45:25] [wwkBe#1] pifooX &: said "/fps on"
[13:45:25] [wwkBe#1] pifooX &: said "/fps on"
[13:45:25] [wwkBe#1] pifooX &: said "/fps on"
[13:45:25] [wwkBe#1] pifooX &: said "/fps on"
[13:45:25] [wwkBe#1] pifooX &: said "/fps on"
[13:45:26] [wwkBe#1] pifooX &: said "/fps on"
[13:45:26] [wwkBe#1] pifooX &: said "/fps on"
[13:45:26] [wwkBe#1] pifooX &: said "/fps on"
[13:45:26] [wwkBe#1] pifooX &: said "/fps on"
[13:45:26] [wwkBe#1] pifooX &: said "/fps on"
[14:01:01] [wwkBe#1] pifooX &: disconnected (Exiting)
================================================================
======== txAdmin v8.0.1 atop fxserver 28518 Starting - 21/04/2026, 14:15:42
================================================================
[14:15:53] txAdmin: Logger started
[14:17:18] [icane#1] pifooX &: joined with identifiers [license:5f69…b9dc, xbl:2535…5633, live:9851…6746, discord:5249…8810, license2:56dd…692d]
[14:18:43] [icane#1] pifooX &: said "/god"
[14:19:16] [icane#1] pifooX &: said "/dia"
[14:19:20] [icane#1] pifooX &: said "/noite"
[14:19:44] [icane#1] pifooX &: said "/god"
[14:22:36] [icane#1] pifooX &: disconnected (Exiting)
